<?xml version="1.0" encoding="UTF-8"?>
<!-- Generated by org.testng.reporters.JUnitReportReporter -->
<testsuite skipped="0" hostname="Mayank" name="testcases.TestCase1" tests="1" failures="0" timestamp="2022-05-12T15:35:50 IST" time="8.949" errors="0">
  <testcase name="search_test" time="8.949" classname="testcases.TestCase1"/>
  <system-out/>
</testsuite> <!-- testcases.TestCase1 -->
